<?xml version="1.0" encoding="UTF-8"?>
<!-- Generated by org.testng.reporters.JUnitReportReporter -->
<testsuite skipped="0" hostname="EPINHYDW04B5" name="com.SDET.testCases.TC003_POSTCreateUser" tests="3" failures="0" timestamp="2022-05-04T20:17:21 IST" time="1.067" errors="0">
  <testcase name="createNewUsers" time="0.518" classname="com.SDET.testCases.TC003_POSTCreateUser"/>
  <system-out/>
  <testcase name="createNewUsers" time="0.549" classname="com.SDET.testCases.TC003_POSTCreateUser"/>
  <system-out/>
  <testcase name="tearDown" time="0.000" classname="com.SDET.testCases.TC003_POSTCreateUser"/>
  <system-out/>
</testsuite> <!-- com.SDET.testCases.TC003_POSTCreateUser -->
