<?xml version="1.0" encoding="UTF-8"?>
<!-- Generated by org.testng.reporters.JUnitReportReporter -->
<testsuite skipped="0" hostname="EPINHYDW04B5" name="com.SDET.testCases.TC001_GetAllUsers" tests="9" failures="0" timestamp="2022-05-04T20:17:21 IST" time="0.010" errors="0">
  <testcase name="checkResponseBody" time="0.000" classname="com.SDET.testCases.TC001_GetAllUsers"/>
  <system-out/>
  <testcase name="ValidateStatusCode" time="0.000" classname="com.SDET.testCases.TC001_GetAllUsers"/>
  <system-out/>
  <testcase name="ValidateResponseTime" time="0.000" classname="com.SDET.testCases.TC001_GetAllUsers"/>
  <system-out/>
  <testcase name="ValidateStatusLine" time="0.000" classname="com.SDET.testCases.TC001_GetAllUsers"/>
  <system-out/>
  <testcase name="ValidateContentType" time="0.000" classname="com.SDET.testCases.TC001_GetAllUsers"/>
  <system-out/>
  <testcase name="ValidateServerType" time="0.000" classname="com.SDET.testCases.TC001_GetAllUsers"/>
  <system-out/>
  <testcase name="ValidateContentEncoding" time="0.001" classname="com.SDET.testCases.TC001_GetAllUsers"/>
  <system-out/>
  <testcase name="ValidateCookies" time="0.009" classname="com.SDET.testCases.TC001_GetAllUsers"/>
  <system-out/>
  <testcase name="tearDown" time="0.000" classname="com.SDET.testCases.TC001_GetAllUsers"/>
  <system-out/>
</testsuite> <!-- com.SDET.testCases.TC001_GetAllUsers -->
