<?xml version="1.0" encoding="UTF-8"?>
<!-- Generated by org.testng.reporters.JUnitReportReporter -->
<testsuite skipped="0" hostname="EPINHYDW04B5" name="com.SDET.testCases.TC005_DeleteUserRecord" tests="2" failures="0" timestamp="2022-05-04T20:17:21 IST" time="0.003" errors="0">
  <testcase name="validateUserDeletion" time="0.002" classname="com.SDET.testCases.TC005_DeleteUserRecord"/>
  <system-out/>
  <testcase name="checkStatusCode" time="0.001" classname="com.SDET.testCases.TC005_DeleteUserRecord"/>
  <system-out/>
</testsuite> <!-- com.SDET.testCases.TC005_DeleteUserRecord -->
