<?xml version="1.0" encoding="UTF-8"?>
<!-- Generated by org.testng.reporters.JUnitReportReporter -->
<testsuite skipped="0" hostname="EPINHYDW04B5" name="com.SDET.testCases.TC004_PUTCreateUser" tests="4" failures="0" timestamp="2022-05-04T20:17:21 IST" time="0.013" errors="0">
  <testcase name="checkResponseBody" time="0.011" classname="com.SDET.testCases.TC004_PUTCreateUser"/>
  <system-out/>
  <testcase name="checkStatusCode" time="0.001" classname="com.SDET.testCases.TC004_PUTCreateUser"/>
  <system-out/>
  <testcase name="checkStatusLine" time="0.001" classname="com.SDET.testCases.TC004_PUTCreateUser"/>
  <system-out/>
  <testcase name="tearDown" time="0.000" classname="com.SDET.testCases.TC004_PUTCreateUser"/>
  <system-out/>
</testsuite> <!-- com.SDET.testCases.TC004_PUTCreateUser -->
